2019-04-06 05:50:03,420 [INFO] JDK from "JAVA_HOME" - /Library/Java/Home
2019-04-06 05:50:03,631 [INFO] CodeRunner(tm) Backendless Debugging Utility
2019-04-06 05:50:03,631 [INFO] Copyright(C) 2019 Backendless Corp. All rights reserved. 
2019-04-06 05:50:03,631 [INFO] Version: 5.2.13 Build date: 2019-03-25T13:39:20Z
2019-04-06 05:50:03,657 [INFO] CodeRunner session is running for 2 hours and will be terminated on 07:50:03.644[UTC]
2019-04-06 05:50:03,816 [INFO] Management port is absent, management server not started
2019-04-06 05:50:03,816 [INFO] Registering runner on: 'https://api.backendless.com'
2019-04-06 05:50:03,820 [INFO] Application ID:  'AE561565-D55B-6CBA-FF58-60102DAB6B00'
2019-04-06 05:50:03,821 [INFO] Api key:         '6D76467D-D7B0-1E75-FF22-EF573F1A0A00'
2019-04-06 05:50:07,620 [INFO] Runner successfully registered
2019-04-06 05:50:07,655 [INFO] Parsing event model...
2019-04-06 05:50:19,403 [INFO] Build successfully: 0 event handlers and 0 timers and 0 services
2019-04-06 05:50:19,405 [ERROR] Could not find any code to be deployed to Backendless at /Users/raghu/QRCode/QRScan__JAVA_default_coding/classes. Did you compile the project?
2019-04-06 05:50:20,367 [INFO] Debugging Utility disconnected successfully
2019-04-06 05:50:20,370 [INFO] Thank you for using Backendless
2019-04-06 05:59:29,208 [INFO] JDK from "JAVA_HOME" - /Library/Java/Home
2019-04-06 05:59:29,307 [INFO] CodeRunner(tm) Backendless Debugging Utility
2019-04-06 05:59:29,307 [INFO] Copyright(C) 2019 Backendless Corp. All rights reserved. 
2019-04-06 05:59:29,308 [INFO] Version: 5.2.13 Build date: 2019-03-25T13:39:20Z
2019-04-06 05:59:29,313 [INFO] CodeRunner session is running for 2 hours and will be terminated on 07:59:29.310[UTC]
2019-04-06 05:59:29,388 [INFO] Management port is absent, management server not started
2019-04-06 05:59:29,388 [INFO] Registering runner on: 'https://api.backendless.com'
2019-04-06 05:59:29,391 [INFO] Application ID:  'AE561565-D55B-6CBA-FF58-60102DAB6B00'
2019-04-06 05:59:29,392 [INFO] Api key:         '6D76467D-D7B0-1E75-FF22-EF573F1A0A00'
2019-04-06 05:59:31,771 [INFO] Runner successfully registered
2019-04-06 05:59:31,786 [INFO] Parsing event model...
2019-04-06 05:59:44,672 [INFO] Run dependency analyzer for app: AE561565-D55B-6CBA-FF58-60102DAB6B00
ClassPath: /Users/raghu/SpringBootWS/QR/libs/servlet-api-2.5.jar:/Users/raghu/SpringBootWS/QR/libs/javase-3.3.2.jar:/Users/raghu/SpringBootWS/QR/libs/backendless.jar:/Users/raghu/SpringBootWS/QR/libs/core-3.3.2.jar
2019-04-06 05:59:44,675 [INFO] Analyze service: com.qrscan.service.QRCodeGenerator
2019-04-06 05:59:45,046 [INFO] Build successfully: 0 event handlers and 0 timers and 1 service
2019-04-06 05:59:45,048 [INFO] Deploying model to server, and starting debug...
2019-04-06 05:59:46,137 [INFO] Model successfully deployed.
2019-04-06 05:59:46,138 [INFO] Waiting for events...
2019-04-06 07:38:24,880 [INFO] JDK from "JAVA_HOME" - /Library/Java/Home
2019-04-06 07:38:24,990 [INFO] CodeRunner(tm) Backendless Debugging Utility
2019-04-06 07:38:24,990 [INFO] Copyright(C) 2019 Backendless Corp. All rights reserved. 
2019-04-06 07:38:24,990 [INFO] Version: 5.2.13 Build date: 2019-03-25T13:39:20Z
2019-04-06 07:38:24,998 [INFO] CodeRunner session is running for 2 hours and will be terminated on 09:38:24.993[UTC]
2019-04-06 07:38:25,102 [INFO] Management port is absent, management server not started
2019-04-06 07:38:25,103 [INFO] Registering runner on: 'https://api.backendless.com'
2019-04-06 07:38:25,112 [INFO] Application ID:  'AE561565-D55B-6CBA-FF58-60102DAB6B00'
2019-04-06 07:38:25,113 [INFO] Api key:         '6D76467D-D7B0-1E75-FF22-EF573F1A0A00'
2019-04-06 07:38:28,451 [INFO] Runner successfully registered
2019-04-06 07:38:28,469 [INFO] Parsing event model...
2019-04-06 07:38:40,450 [INFO] Run dependency analyzer for app: AE561565-D55B-6CBA-FF58-60102DAB6B00
ClassPath: /Users/raghu/SpringBootWS/QRExample/libs/servlet-api-2.5.jar:/Users/raghu/SpringBootWS/QRExample/libs/javase-3.3.2.jar:/Users/raghu/SpringBootWS/QRExample/libs/backendless.jar:/Users/raghu/SpringBootWS/QRExample/libs/core-3.3.2.jar
2019-04-06 07:38:40,455 [INFO] Analyze service: com.qrscan.service.QRCodeGenerator
2019-04-06 07:38:40,749 [INFO] Build successfully: 0 event handlers and 0 timers and 1 service
2019-04-06 07:38:40,752 [INFO] Deploying model to server, and starting debug...
2019-04-06 07:38:42,995 [INFO] Model successfully deployed.
2019-04-06 07:38:42,997 [INFO] Waiting for events...
2019-04-06 07:40:37,803 [INFO] Debugging Utility disconnected successfully
2019-04-06 07:40:37,805 [INFO] Thank you for using Backendless
2019-04-06 07:51:51,957 [INFO] JDK from "JAVA_HOME" - /Library/Java/Home
2019-04-06 07:51:52,126 [INFO] CodeRunner(tm) Backendless Debugging Utility
2019-04-06 07:51:52,127 [INFO] Copyright(C) 2019 Backendless Corp. All rights reserved. 
2019-04-06 07:51:52,128 [INFO] Version: 5.2.13 Build date: 2019-03-25T13:39:20Z
2019-04-06 07:51:52,134 [INFO] CodeRunner session is running for 2 hours and will be terminated on 09:51:52.131[UTC]
2019-04-06 07:51:52,278 [INFO] Management port is absent, management server not started
2019-04-06 07:51:52,280 [INFO] Registering runner on: 'https://api.backendless.com'
2019-04-06 07:51:52,309 [INFO] Application ID:  'AE561565-D55B-6CBA-FF58-60102DAB6B00'
2019-04-06 07:51:52,320 [INFO] Api key:         '6D76467D-D7B0-1E75-FF22-EF573F1A0A00'
2019-04-06 07:51:55,925 [INFO] Runner successfully registered
2019-04-06 07:51:55,944 [INFO] Parsing event model...
2019-04-06 07:52:07,725 [INFO] Run dependency analyzer for app: AE561565-D55B-6CBA-FF58-60102DAB6B00
ClassPath: /Users/raghu/SpringBootWS/QRExample/libs/servlet-api-2.5.jar:/Users/raghu/SpringBootWS/QRExample/libs/javase-3.3.2.jar:/Users/raghu/SpringBootWS/QRExample/libs/backendless.jar:/Users/raghu/SpringBootWS/QRExample/libs/core-3.3.2.jar
2019-04-06 07:52:07,727 [INFO] Analyze service: com.qrscan.service.QRCodeGeneratorLatest
2019-04-06 07:52:07,980 [INFO] Build successfully: 0 event handlers and 0 timers and 1 service
2019-04-06 07:52:07,982 [INFO] Deploying model to server, and starting debug...
2019-04-06 07:52:09,346 [INFO] Model successfully deployed.
2019-04-06 07:52:09,347 [INFO] Waiting for events...
2019-04-06 09:15:23,672 [INFO] Debugging Utility disconnected successfully
2019-04-06 09:15:23,673 [INFO] Thank you for using Backendless
2019-04-06 09:15:43,395 [INFO] JDK from "JAVA_HOME" - /Library/Java/Home
2019-04-06 09:15:43,507 [INFO] CodeRunner(tm) Backendless Debugging Utility
2019-04-06 09:15:43,507 [INFO] Copyright(C) 2019 Backendless Corp. All rights reserved. 
2019-04-06 09:15:43,508 [INFO] Version: 5.2.13 Build date: 2019-03-25T13:39:20Z
2019-04-06 09:15:43,514 [INFO] CodeRunner session is running for 2 hours and will be terminated on 11:15:43.510[UTC]
2019-04-06 09:15:43,609 [INFO] Management port is absent, management server not started
2019-04-06 09:15:43,610 [INFO] Registering runner on: 'https://api.backendless.com'
2019-04-06 09:15:43,613 [INFO] Application ID:  'AE561565-D55B-6CBA-FF58-60102DAB6B00'
2019-04-06 09:15:43,614 [INFO] Api key:         '6D76467D-D7B0-1E75-FF22-EF573F1A0A00'
2019-04-06 09:15:46,411 [INFO] Runner successfully registered
2019-04-06 09:15:46,432 [INFO] Parsing event model...
2019-04-06 09:15:58,939 [INFO] Run dependency analyzer for app: AE561565-D55B-6CBA-FF58-60102DAB6B00
ClassPath: /Users/raghu/SpringBootWS/QRExample/libs/servlet-api-2.5.jar:/Users/raghu/SpringBootWS/QRExample/libs/javase-3.3.2.jar:/Users/raghu/SpringBootWS/QRExample/libs/backendless.jar:/Users/raghu/SpringBootWS/QRExample/libs/core-3.3.2.jar
2019-04-06 09:15:58,944 [INFO] Analyze service: com.qrscan.service.QRCodeGeneratorLatest
2019-04-06 09:15:59,310 [INFO] Build successfully: 0 event handlers and 0 timers and 1 service
2019-04-06 09:15:59,312 [INFO] Deploying model to server, and starting debug...
2019-04-06 09:16:00,414 [INFO] Model successfully deployed.
2019-04-06 09:16:00,415 [INFO] Waiting for events...
2019-04-06 09:17:56,609 [INFO] Debugging Utility disconnected successfully
2019-04-06 09:17:56,612 [INFO] Thank you for using Backendless
2019-04-06 11:49:13,613 [INFO] JDK from "JAVA_HOME" - /Library/Java/Home
2019-04-06 11:49:13,834 [INFO] CodeRunner(tm) Backendless Debugging Utility
2019-04-06 11:49:13,834 [INFO] Copyright(C) 2019 Backendless Corp. All rights reserved. 
2019-04-06 11:49:13,834 [INFO] Version: 5.2.13 Build date: 2019-03-25T13:39:20Z
2019-04-06 11:49:13,860 [INFO] CodeRunner session is running for 2 hours and will be terminated on 13:49:13.848[UTC]
2019-04-06 11:49:14,016 [INFO] Management port is absent, management server not started
2019-04-06 11:49:14,017 [INFO] Registering runner on: 'https://api.backendless.com'
2019-04-06 11:49:14,024 [INFO] Application ID:  'AE561565-D55B-6CBA-FF58-60102DAB6B00'
2019-04-06 11:49:14,025 [INFO] Api key:         '6D76467D-D7B0-1E75-FF22-EF573F1A0A00'
2019-04-06 11:49:17,944 [INFO] Runner successfully registered
2019-04-06 11:49:17,992 [INFO] Parsing event model...
2019-04-06 11:49:29,707 [INFO] Run dependency analyzer for app: AE561565-D55B-6CBA-FF58-60102DAB6B00
ClassPath: /Users/raghu/SpringBootWS/QRExample/libs/servlet-api-2.5.jar:/Users/raghu/SpringBootWS/QRExample/libs/javase-3.3.2.jar:/Users/raghu/SpringBootWS/QRExample/libs/backendless.jar:/Users/raghu/SpringBootWS/QRExample/libs/core-3.3.2.jar
2019-04-06 11:49:29,712 [INFO] Analyze service: com.qrscan.service.QRCodeGeneratorLatest
2019-04-06 11:49:30,276 [INFO] Build successfully: 0 event handlers and 0 timers and 1 service
2019-04-06 11:49:30,279 [INFO] Deploying model to server, and starting debug...
2019-04-06 11:49:31,530 [INFO] Model successfully deployed.
2019-04-06 11:49:31,530 [INFO] Waiting for events...
2019-04-06 11:51:54,615 [INFO] Debugging Utility disconnected successfully
2019-04-06 11:51:54,618 [INFO] Thank you for using Backendless
2019-04-06 11:53:38,079 [INFO] JDK from "JAVA_HOME" - /Library/Java/Home
2019-04-06 11:53:38,196 [INFO] CodeRunner(tm) Backendless Debugging Utility
2019-04-06 11:53:38,196 [INFO] Copyright(C) 2019 Backendless Corp. All rights reserved. 
2019-04-06 11:53:38,196 [INFO] Version: 5.2.13 Build date: 2019-03-25T13:39:20Z
2019-04-06 11:53:38,202 [INFO] CodeRunner session is running for 2 hours and will be terminated on 13:53:38.199[UTC]
2019-04-06 11:53:38,302 [INFO] Management port is absent, management server not started
2019-04-06 11:53:38,303 [INFO] Registering runner on: 'https://api.backendless.com'
2019-04-06 11:53:38,309 [INFO] Application ID:  'AE561565-D55B-6CBA-FF58-60102DAB6B00'
2019-04-06 11:53:38,310 [INFO] Api key:         '6D76467D-D7B0-1E75-FF22-EF573F1A0A00'
2019-04-06 11:53:41,505 [INFO] Runner successfully registered
2019-04-06 11:53:41,523 [INFO] Parsing event model...
2019-04-06 11:53:53,695 [INFO] Run dependency analyzer for app: AE561565-D55B-6CBA-FF58-60102DAB6B00
ClassPath: /Users/raghu/SpringBootWS/QRExample/libs/servlet-api-2.5.jar:/Users/raghu/SpringBootWS/QRExample/libs/javase-3.3.2.jar:/Users/raghu/SpringBootWS/QRExample/libs/backendless.jar:/Users/raghu/SpringBootWS/QRExample/libs/core-3.3.2.jar
2019-04-06 11:53:53,699 [INFO] Analyze service: com.qrscan.service.QRCodeGeneratorLatest
2019-04-06 11:53:53,961 [INFO] Build successfully: 0 event handlers and 0 timers and 1 service
2019-04-06 11:53:53,962 [INFO] Deploying model to server, and starting debug...
2019-04-06 11:53:55,407 [INFO] Model successfully deployed.
2019-04-06 11:53:55,408 [INFO] Waiting for events...
2019-04-06 14:31:30,551 [INFO] Debugging Utility disconnected successfully
2019-04-06 14:31:30,557 [INFO] Thank you for using Backendless
2019-04-06 14:31:45,786 [INFO] JDK from "JAVA_HOME" - /Library/Java/Home
2019-04-06 14:31:45,890 [INFO] CodeRunner(tm) Backendless Debugging Utility
2019-04-06 14:31:45,890 [INFO] Copyright(C) 2019 Backendless Corp. All rights reserved. 
2019-04-06 14:31:45,891 [INFO] Version: 5.2.13 Build date: 2019-03-25T13:39:20Z
2019-04-06 14:31:45,896 [INFO] CodeRunner session is running for 2 hours and will be terminated on 16:31:45.893[UTC]
2019-04-06 14:31:45,980 [INFO] Management port is absent, management server not started
2019-04-06 14:31:45,981 [INFO] Registering runner on: 'https://api.backendless.com'
2019-04-06 14:31:45,983 [INFO] Application ID:  'AE561565-D55B-6CBA-FF58-60102DAB6B00'
2019-04-06 14:31:45,984 [INFO] Api key:         '6D76467D-D7B0-1E75-FF22-EF573F1A0A00'
2019-04-06 14:31:48,545 [INFO] Runner successfully registered
2019-04-06 14:31:48,560 [INFO] Parsing event model...
2019-04-06 14:32:01,299 [INFO] Run dependency analyzer for app: AE561565-D55B-6CBA-FF58-60102DAB6B00
ClassPath: /Users/raghu/SpringBootWS/QRExample/libs/servlet-api-2.5.jar:/Users/raghu/SpringBootWS/QRExample/libs/javase-3.3.2.jar:/Users/raghu/SpringBootWS/QRExample/libs/backendless.jar:/Users/raghu/SpringBootWS/QRExample/libs/core-3.3.2.jar
2019-04-06 14:32:01,304 [INFO] Analyze service: com.qrscan.service.QRCodeGeneratorLatest
2019-04-06 14:32:01,569 [INFO] Build successfully: 0 event handlers and 0 timers and 1 service
2019-04-06 14:32:01,570 [INFO] Deploying model to server, and starting debug...
2019-04-06 14:32:02,918 [INFO] Model successfully deployed.
2019-04-06 14:32:02,919 [INFO] Waiting for events...
2019-04-06 15:40:41,538 [INFO] Debugging Utility disconnected successfully
2019-04-06 15:40:41,542 [INFO] Thank you for using Backendless
